# depth (km), T (K), c, rho (kg/m^3), elastic_Vp (km/s), elastic_Vs (km/s), anelastic_Vp (km/s), anelastic_Vs (km/s), Q_S, Q_K, Q_P, T_solidus (K)
2.88372e+03 3.86308e+03 1.00000e+00 1.69353e+03 1.09730e+01 7.09767e+00 1.08383e+01 6.95326e+00 1.02359e+02 1.00000e+03 1.69718e+02 4.18305e+03
2.87076e+03 3.84205e+03 1.00000e+00 1.69217e+03 1.09619e+01 7.09617e+00 1.08291e+01 6.95402e+00 1.03971e+02 1.00000e+03 1.71959e+02 4.17566e+03
2.85723e+03 3.81973e+03 1.00000e+00 1.69053e+03 1.09487e+01 7.09381e+00 1.08180e+01 6.95411e+00 1.05752e+02 1.00000e+03 1.74427e+02 4.16804e+03
2.84311e+03 3.79595e+03 1.00000e+00 1.68883e+03 1.09351e+01 7.09152e+00 1.08065e+01 6.95441e+00 1.07722e+02 1.00000e+03 1.77154e+02 4.16006e+03
2.82840e+03 3.77052e+03 1.00000e+00 1.68702e+03 1.09205e+01 7.08904e+00 1.07942e+01 6.95472e+00 1.09918e+02 1.00000e+03 1.80186e+02 4.15169e+03
2.81306e+03 3.74322e+03 9.91789e-01 1.68477e+03 1.09073e+01 7.08646e+00 1.07836e+01 6.95514e+00 1.12385e+02 1.00000e+03 1.83653e+02 4.14294e+03
2.79710e+03 3.71362e+03 8.84459e-01 1.67665e+03 1.09100e+01 7.07723e+00 1.07893e+01 6.94929e+00 1.15207e+02 1.00000e+03 1.88358e+02 4.13379e+03
2.78050e+03 3.68143e+03 8.90436e-01 1.67501e+03 1.08924e+01 7.07561e+00 1.07747e+01 6.95121e+00 1.18458e+02 1.00000e+03 1.92791e+02 4.12423e+03
2.76328e+03 3.64664e+03 8.68118e-01 1.67178e+03 1.08797e+01 7.07274e+00 1.07654e+01 6.95220e+00 1.22198e+02 1.00000e+03 1.98109e+02 4.11432e+03
2.74543e+03 3.60904e+03 9.12084e-01 1.67235e+03 1.08556e+01 7.07464e+00 1.07446e+01 6.95819e+00 1.26520e+02 1.00000e+03 2.03681e+02 4.10407e+03
2.72696e+03 3.56840e+03 9.07622e-01 1.67004e+03 1.08386e+01 7.07347e+00 1.07314e+01 6.96148e+00 1.31544e+02 1.00000e+03 2.10564e+02 4.09349e+03
2.70790e+03 3.52446e+03 8.76707e-01 1.66619e+03 1.08256e+01 7.07105e+00 1.07225e+01 6.96388e+00 1.37414e+02 1.00000e+03 2.18776e+02 4.08253e+03
2.68827e+03 3.47692e+03 7.43849e-01 1.65651e+03 1.08288e+01 7.06238e+00 1.07305e+01 6.96046e+00 1.44321e+02 1.00000e+03 2.29229e+02 4.07118e+03
2.66810e+03 3.42523e+03 5.30805e-01 1.64224e+03 1.08442e+01 7.04854e+00 1.07510e+01 6.95233e+00 1.52569e+02 1.00000e+03 2.42201e+02 4.05947e+03
2.64742e+03 3.36963e+03 5.30766e-01 1.64014e+03 1.08241e+01 7.04970e+00 1.07358e+01 6.95929e+00 1.62405e+02 1.00000e+03 2.55299e+02 4.04755e+03
2.62625e+03 3.31146e+03 5.75483e-01 1.64063e+03 1.07969e+01 7.05449e+00 1.07135e+01 6.96996e+00 1.73804e+02 1.00000e+03 2.69846e+02 4.03528e+03
2.60465e+03 3.25216e+03 6.60859e-01 1.64334e+03 1.07628e+01 7.06206e+00 1.06843e+01 6.98328e+00 1.86692e+02 1.00000e+03 2.85648e+02 4.02267e+03
2.58265e+03 3.19297e+03 7.97173e-01 1.64880e+03 1.07204e+01 7.07275e+00 1.06466e+01 6.99945e+00 2.00958e+02 1.00000e+03 3.02336e+02 4.00974e+03
2.56028e+03 3.13289e+03 6.77385e-01 1.63981e+03 1.07178e+01 7.06595e+00 1.06489e+01 6.99819e+00 2.17167e+02 1.00000e+03 3.23727e+02 3.99661e+03
2.53759e+03 3.07129e+03 7.52959e-01 1.64179e+03 1.06847e+01 7.07278e+00 1.06204e+01 7.01035e+00 2.35942e+02 1.00000e+03 3.45785e+02 3.98332e+03
2.51461e+03 3.00873e+03 7.87075e-01 1.64139e+03 1.06578e+01 7.07675e+00 1.05980e+01 7.01953e+00 2.57540e+02 1.00000e+03 3.71094e+02 3.96976e+03
2.49137e+03 2.94512e+03 8.51077e-01 1.64257e+03 1.06259e+01 7.08267e+00 1.05704e+01 7.03047e+00 2.82598e+02 1.00000e+03 3.99388e+02 3.95595e+03
2.46791e+03 2.87833e+03 3.36048e-01 1.61191e+03 1.06823e+01 7.04961e+00 1.06317e+01 7.00272e+00 3.13123e+02 1.00000e+03 4.39789e+02 3.94193e+03
2.44425e+03 2.80860e+03 5.53900e-03 1.59160e+03 1.07102e+01 7.02875e+00 1.06642e+01 6.98700e+00 3.50614e+02 1.00000e+03 4.84594e+02 3.92788e+03
2.42041e+03 2.74126e+03 0.00000e+00 1.58910e+03 1.06871e+01 7.03043e+00 1.06450e+01 6.99316e+00 3.92835e+02 1.00000e+03 5.28593e+02 3.91363e+03
2.39643e+03 2.68009e+03 6.44800e-03 1.58713e+03 1.06618e+01 7.03174e+00 1.06230e+01 6.99821e+00 4.36783e+02 1.00000e+03 5.72134e+02 3.89917e+03
2.37233e+03 2.62648e+03 5.16450e-02 1.58710e+03 1.06302e+01 7.03428e+00 1.05941e+01 7.00375e+00 4.79861e+02 1.00000e+03 6.12428e+02 3.88451e+03
2.34811e+03 2.58092e+03 1.32940e-01 1.58876e+03 1.05923e+01 7.03737e+00 1.05582e+01 7.00917e+00 5.19684e+02 1.00000e+03 6.47685e+02 3.86989e+03
2.32381e+03 2.54299e+03 1.59195e-01 1.58726e+03 1.05621e+01 7.03484e+00 1.05296e+01 7.00841e+00 5.54326e+02 1.00000e+03 6.77712e+02 3.85510e+03
2.29941e+03 2.51183e+03 1.48602e-01 1.58369e+03 1.05374e+01 7.02855e+00 1.05061e+01 7.00343e+00 5.82804e+02 1.00000e+03 7.01931e+02 3.84013e+03
2.27496e+03 2.48654e+03 1.63481e-01 1.58129e+03 1.05079e+01 7.02242e+00 1.04775e+01 6.99824e+00 6.04715e+02 1.00000e+03 7.19808e+02 3.82500e+03
2.25044e+03 2.46619e+03 1.52969e-01 1.57742e+03 1.04817e+01 7.01353e+00 1.04519e+01 6.98999e+00 6.20408e+02 1.00000e+03 7.32466e+02 3.80989e+03
2.22587e+03 2.45000e+03 2.02996e-01 1.57669e+03 1.04466e+01 7.00744e+00 1.04172e+01 6.98428e+00 6.30123e+02 1.00000e+03 7.39557e+02 3.79465e+03
2.20127e+03 2.43734e+03 2.03130e-01 1.57313e+03 1.04176e+01 6.99709e+00 1.03884e+01 6.97412e+00 6.34387e+02 1.00000e+03 7.42577e+02 3.77925e+03
2.17662e+03 2.42750e+03 1.60744e-01 1.56730e+03 1.03947e+01 6.98392e+00 1.03655e+01 6.96098e+00 6.34077e+02 1.00000e+03 7.42200e+02 3.76369e+03
2.15195e+03 2.41983e+03 1.26171e-01 1.56184e+03 1.03704e+01 6.97084e+00 1.03412e+01 6.94781e+00 6.30359e+02 1.00000e+03 7.38949e+02 3.74814e+03
2.12725e+03 2.41382e+03 1.37170e-02 1.55212e+03 1.03557e+01 6.95320e+00 1.03263e+01 6.92999e+00 6.23915e+02 1.00000e+03 7.34034e+02 3.73248e+03
2.10253e+03 2.40923e+03 2.06860e-02 1.54880e+03 1.03251e+01 6.94185e+00 1.02955e+01 6.91835e+00 6.15176e+02 1.00000e+03 7.26207e+02 3.71667e+03
2.07779e+03 2.40575e+03 1.66208e-01 1.55278e+03 1.02761e+01 6.93649e+00 1.02462e+01 6.91260e+00 6.04687e+02 1.00000e+03 7.15733e+02 3.70069e+03
2.05304e+03 2.40295e+03 1.64613e-01 1.54885e+03 1.02458e+01 6.92346e+00 1.02156e+01 6.89916e+00 5.93337e+02 1.00000e+03 7.05579e+02 3.68471e+03
2.02827e+03 2.40051e+03 1.63983e-01 1.54494e+03 1.02153e+01 6.91028e+00 1.01847e+01 6.88554e+00 5.81556e+02 1.00000e+03 6.94923e+02 3.66863e+03
2.00349e+03 2.39828e+03 1.37935e-01 1.53976e+03 1.01885e+01 6.89629e+00 1.01575e+01 6.87107e+00 5.69543e+02 1.00000e+03 6.84139e+02 3.65238e+03
1.97871e+03 2.39618e+03 9.28800e-03 1.52916e+03 1.01746e+01 6.87873e+00 1.01432e+01 6.85303e+00 5.57426e+02 1.00000e+03 6.73918e+02 3.63597e+03
1.95391e+03 2.39428e+03 4.75600e-03 1.52501e+03 1.01439e+01 6.86543e+00 1.01120e+01 6.83920e+00 5.45265e+02 1.00000e+03 6.62538e+02 3.61954e+03
1.92911e+03 2.39251e+03 3.65820e-02 1.52276e+03 1.01085e+01 6.85306e+00 1.00762e+01 6.82629e+00 5.33077e+02 1.00000e+03 6.50716e+02 3.60300e+03
1.90431e+03 2.39081e+03 7.84990e-02 1.52102e+03 1.00719e+01 6.84066e+00 1.00390e+01 6.81331e+00 5.20917e+02 1.00000e+03 6.38707e+02 3.58630e+03
1.87950e+03 2.38911e+03 7.69040e-02 1.51706e+03 1.00411e+01 6.82715e+00 1.00077e+01 6.79921e+00 5.08883e+02 1.00000e+03 6.27009e+02 3.56942e+03
1.85468e+03 2.38738e+03 8.79220e-02 1.51375e+03 1.00087e+01 6.81381e+00 9.97478e+00 6.78526e+00 4.97105e+02 1.00000e+03 6.15321e+02 3.55250e+03
1.82986e+03 2.38558e+03 1.09889e-01 1.51091e+03 9.97414e+00 6.80019e+00 9.93973e+00 6.77103e+00 4.85575e+02 1.00000e+03 6.03648e+02 3.53547e+03
1.80504e+03 2.38369e+03 1.28810e-01 1.50790e+03 9.93995e+00 6.78633e+00 9.90499e+00 6.75652e+00 4.74261e+02 1.00000e+03 5.92081e+02 3.51826e+03
1.78022e+03 2.38173e+03 1.75425e-01 1.50631e+03 9.90235e+00 6.77252e+00 9.86682e+00 6.74207e+00 4.63131e+02 1.00000e+03 5.80389e+02 3.50086e+03
1.75539e+03 2.37962e+03 1.33744e-01 1.50010e+03 9.87488e+00 6.75757e+00 9.83877e+00 6.72646e+00 4.52358e+02 1.00000e+03 5.69505e+02 3.48341e+03
1.73057e+03 2.37740e+03 1.12677e-01 1.49507e+03 9.84562e+00 6.74325e+00 9.80892e+00 6.71147e+00 4.41859e+02 1.00000e+03 5.58646e+02 3.46583e+03
1.70574e+03 2.37508e+03 1.42117e-01 1.49262e+03 9.81033e+00 6.72905e+00 9.77301e+00 6.69658e+00 4.31536e+02 1.00000e+03 5.47539e+02 3.44806e+03
1.68091e+03 2.37266e+03 7.58890e-02 1.48512e+03 9.78494e+00 6.71421e+00 9.74700e+00 6.68102e+00 4.21400e+02 1.00000e+03 5.37064e+02 3.43009e+03
1.65608e+03 2.37023e+03 5.86250e-02 1.48014e+03 9.75384e+00 6.69950e+00 9.71524e+00 6.66559e+00 4.11437e+02 1.00000e+03 5.26361e+02 3.41204e+03
1.63125e+03 2.36789e+03 8.22620e-02 1.47727e+03 9.71810e+00 6.68455e+00 9.67883e+00 6.64988e+00 4.01524e+02 1.00000e+03 5.15390e+02 3.39386e+03
1.60641e+03 2.36564e+03 1.34498e-01 1.47586e+03 9.67919e+00 6.66909e+00 9.63921e+00 6.63362e+00 3.91609e+02 1.00000e+03 5.04188e+02 3.37546e+03
1.58158e+03 2.36339e+03 9.48880e-02 1.46976e+03 9.65057e+00 6.65443e+00 9.60984e+00 6.61813e+00 3.81773e+02 1.00000e+03 4.93440e+02 3.35684e+03
1.55675e+03 2.36119e+03 1.21599e-01 1.46707e+03 9.61478e+00 6.63898e+00 9.57327e+00 6.60182e+00 3.72066e+02 1.00000e+03 4.82418e+02 3.33812e+03
1.53192e+03 2.35908e+03 1.53578e-01 1.46455e+03 9.57768e+00 6.62282e+00 9.53536e+00 6.58476e+00 3.62428e+02 1.00000e+03 4.71358e+02 3.31926e+03
1.50708e+03 2.35705e+03 1.38268e-01 1.45956e+03 9.54521e+00 6.60716e+00 9.50203e+00 6.56816e+00 3.52823e+02 1.00000e+03 4.60442e+02 3.30017e+03
1.48225e+03 2.35508e+03 1.47198e-01 1.45580e+03 9.51007e+00 6.59089e+00 9.46600e+00 6.55090e+00 3.43261e+02 1.00000e+03 4.49386e+02 3.28083e+03
1.45742e+03 2.35309e+03 1.10861e-01 1.44979e+03 9.47988e+00 6.57582e+00 9.43487e+00 6.53481e+00 3.33891e+02 1.00000e+03 4.38617e+02 3.26136e+03
1.43258e+03 2.35094e+03 7.16310e-02 1.44361e+03 9.44968e+00 6.56092e+00 9.40371e+00 6.51885e+00 3.24799e+02 1.00000e+03 4.28056e+02 3.24173e+03
1.40775e+03 2.34838e+03 1.11465e-01 1.44140e+03 9.41102e+00 6.54352e+00 9.36409e+00 6.50041e+00 3.16095e+02 1.00000e+03 4.17597e+02 3.22184e+03
1.38292e+03 2.34509e+03 1.41592e-01 1.43868e+03 9.37324e+00 6.52625e+00 9.32536e+00 6.48211e+00 3.07974e+02 1.00000e+03 4.07759e+02 3.20168e+03
1.35808e+03 2.34090e+03 1.70153e-01 1.43589e+03 9.33559e+00 6.50895e+00 9.28683e+00 6.46385e+00 3.00574e+02 1.00000e+03 3.98688e+02 3.18137e+03
1.33325e+03 2.33570e+03 1.42712e-01 1.43023e+03 9.30291e+00 6.49368e+00 9.25330e+00 6.44767e+00 2.93916e+02 1.00000e+03 3.90520e+02 3.16087e+03
1.30842e+03 2.32962e+03 1.67504e-01 1.42735e+03 9.26617e+00 6.47693e+00 9.21576e+00 6.43006e+00 2.87800e+02 1.00000e+03 3.82836e+02 3.14008e+03
1.28359e+03 2.32287e+03 1.45033e-01 1.42204e+03 9.23344e+00 6.46207e+00 9.18224e+00 6.41436e+00 2.82062e+02 1.00000e+03 3.75621e+02 3.11899e+03
1.25875e+03 2.31565e+03 1.22197e-01 1.41662e+03 9.19975e+00 6.44695e+00 9.14779e+00 6.39841e+00 2.76611e+02 1.00000e+03 3.68681e+02 3.09771e+03
1.23392e+03 2.30818e+03 1.82816e-01 1.41544e+03 9.15885e+00 6.42789e+00 9.10612e+00 6.37854e+00 2.71289e+02 1.00000e+03 3.61785e+02 3.07622e+03
1.20909e+03 2.30054e+03 1.32929e-01 1.40862e+03 9.12696e+00 6.41392e+00 9.07342e+00 6.36370e+00 2.65990e+02 1.00000e+03 3.54980e+02 3.05441e+03
1.18426e+03 2.29287e+03 1.28727e-01 1.40411e+03 9.09103e+00 6.39763e+00 9.03663e+00 6.34651e+00 2.60628e+02 1.00000e+03 3.48040e+02 3.03225e+03
1.15943e+03 2.28522e+03 1.18169e-01 1.39931e+03 9.05681e+00 6.38238e+00 9.00150e+00 6.33030e+00 2.55226e+02 1.00000e+03 3.41041e+02 3.00985e+03
1.13461e+03 2.27765e+03 1.38083e-01 1.39570e+03 9.02923e+00 6.37110e+00 8.97292e+00 6.31798e+00 2.49752e+02 1.00000e+03 3.33982e+02 2.98723e+03
1.10978e+03 2.27002e+03 1.68708e-01 1.39281e+03 8.99220e+00 6.35381e+00 8.93489e+00 6.29962e+00 2.44236e+02 1.00000e+03 3.26805e+02 2.96422e+03
1.08496e+03 2.26222e+03 1.59277e-01 1.38797e+03 8.95487e+00 6.33673e+00 8.89651e+00 6.28145e+00 2.38742e+02 1.00000e+03 3.19602e+02 2.94083e+03
1.06014e+03 2.25417e+03 1.22085e-01 1.38190e+03 8.91806e+00 6.32040e+00 8.85862e+00 6.26399e+00 2.33341e+02 1.00000e+03 3.12463e+02 2.91715e+03
1.03532e+03 2.24591e+03 1.23328e-01 1.37733e+03 8.87837e+00 6.30206e+00 8.81783e+00 6.24450e+00 2.28031e+02 1.00000e+03 3.05412e+02 2.89320e+03
1.01050e+03 2.23738e+03 1.55728e-01 1.37433e+03 8.83950e+00 6.28347e+00 8.77781e+00 6.22473e+00 2.22766e+02 1.00000e+03 2.98451e+02 2.86881e+03
9.85693e+02 2.22844e+03 1.41451e-01 1.36910e+03 8.80027e+00 6.26567e+00 8.73741e+00 6.20571e+00 2.17610e+02 1.00000e+03 2.91535e+02 2.84397e+03
9.60888e+02 2.21897e+03 1.22978e-01 1.36359e+03 8.76013e+00 6.24765e+00 8.69608e+00 6.18646e+00 2.12657e+02 1.00000e+03 2.84824e+02 2.81878e+03
9.36088e+02 2.20920e+03 1.08586e-01 1.35828e+03 8.71990e+00 6.22957e+00 8.65463e+00 6.16713e+00 2.07795e+02 1.00000e+03 2.78212e+02 2.79327e+03
9.11289e+02 2.19927e+03 1.47270e-01 1.35552e+03 8.68019e+00 6.21015e+00 8.61365e+00 6.14640e+00 2.02891e+02 1.00000e+03 2.71646e+02 2.76724e+03
8.86506e+02 2.18892e+03 1.82267e-01 1.35269e+03 8.64133e+00 6.19116e+00 8.57346e+00 6.12605e+00 1.98057e+02 1.00000e+03 2.65165e+02 2.74070e+03
8.61728e+02 2.17786e+03 1.74870e-01 1.34786e+03 8.60199e+00 6.17340e+00 8.53279e+00 6.10694e+00 1.93453e+02 1.00000e+03 2.58857e+02 2.71370e+03
8.36962e+02 2.16586e+03 1.66307e-01 1.34282e+03 8.56131e+00 6.15480e+00 8.49082e+00 6.08704e+00 1.89176e+02 1.00000e+03 2.52937e+02 2.68634e+03
8.12206e+02 2.15334e+03 6.68670e-02 1.32570e+03 8.47746e+00 6.07651e+00 8.40650e+00 6.00809e+00 1.84957e+02 1.00000e+03 2.48835e+02 2.65836e+03
7.87467e+02 2.14421e+03 7.51470e-02 1.31502e+03 8.40275e+00 6.00532e+00 8.33067e+00 5.93554e+00 1.79217e+02 1.00000e+03 2.42777e+02 2.62976e+03
7.62750e+02 2.13503e+03 9.72660e-02 1.31089e+03 8.35877e+00 5.98101e+00 8.28472e+00 5.90919e+00 1.73445e+02 1.00000e+03 2.35116e+02 2.60057e+03
7.38050e+02 2.12590e+03 3.87110e-02 1.30424e+03 8.32279e+00 5.97383e+00 8.24633e+00 5.89961e+00 1.67629e+02 1.00000e+03 2.26709e+02 2.57087e+03
7.13377e+02 2.11740e+03 6.00500e-03 1.29927e+03 8.28820e+00 5.96680e+00 8.20903e+00 5.88988e+00 1.61540e+02 1.00000e+03 2.18019e+02 2.54049e+03
6.88732e+02 2.10934e+03 6.85400e-03 1.29459e+03 8.24657e+00 5.94728e+00 8.16461e+00 5.86752e+00 1.55292e+02 1.00000e+03 2.09550e+02 2.50949e+03
6.64125e+02 2.10177e+03 1.92760e-02 1.28907e+03 8.20173e+00 5.91969e+00 8.10880e+00 5.82854e+00 1.35262e+02 1.00000e+03 1.83806e+02 2.47834e+03
6.39563e+02 2.09252e+03 8.68840e-02 1.23133e+03 8.03514e+00 5.61532e+00 7.92927e+00 5.50796e+00 1.08933e+02 1.00000e+03 1.58062e+02 2.44863e+03
6.15044e+02 2.08214e+03 1.57128e-01 1.20506e+03 7.90318e+00 5.39648e+00 7.79088e+00 5.27996e+00 9.64605e+01 1.00000e+03 1.46561e+02 2.43484e+03
5.90587e+02 2.06790e+03 1.63219e-01 1.19173e+03 7.80572e+00 5.31803e+00 7.69620e+00 5.20429e+00 9.73773e+01 1.00000e+03 1.48440e+02 2.42254e+03
5.66195e+02 2.05891e+03 1.65415e-01 1.17866e+03 7.69167e+00 5.21896e+00 7.58396e+00 5.10674e+00 9.68574e+01 1.00000e+03 1.48724e+02 2.40956e+03
5.41886e+02 2.04908e+03 1.99576e-01 1.17273e+03 7.62753e+00 5.17887e+00 7.52007e+00 5.06694e+00 9.63592e+01 1.00000e+03 1.47836e+02 2.39571e+03
5.17671e+02 2.03814e+03 1.46022e-01 1.15690e+03 7.52590e+00 5.11448e+00 7.41927e+00 5.00345e+00 9.59342e+01 1.00000e+03 1.46994e+02 2.38092e+03
4.93566e+02 2.02428e+03 1.11436e-01 1.13567e+03 7.39350e+00 5.07601e+00 7.28702e+00 4.96594e+00 9.60461e+01 1.00000e+03 1.44615e+02 2.36524e+03
4.69588e+02 2.00804e+03 1.44653e-01 1.13044e+03 7.32693e+00 5.04431e+00 7.22149e+00 4.93557e+00 9.66128e+01 1.00000e+03 1.44732e+02 2.34889e+03
4.45753e+02 1.98921e+03 1.93219e-01 1.11804e+03 7.18440e+00 4.93134e+00 7.08177e+00 4.82528e+00 9.68353e+01 1.00000e+03 1.45795e+02 2.33140e+03
4.22094e+02 1.96654e+03 1.68987e-01 1.09506e+03 6.96413e+00 4.75064e+00 6.86057e+00 4.64284e+00 9.17804e+01 1.00000e+03 1.40061e+02 2.31265e+03
3.98628e+02 1.94192e+03 1.38632e-01 1.08797e+03 6.90022e+00 4.73583e+00 6.79140e+00 4.62276e+00 8.72311e+01 1.00000e+03 1.32066e+02 2.29262e+03
3.75394e+02 1.91406e+03 1.18929e-01 1.08153e+03 6.83841e+00 4.72263e+00 6.72906e+00 4.60951e+00 8.69467e+01 1.00000e+03 1.30244e+02 2.27265e+03
3.52408e+02 1.88123e+03 8.40820e-02 1.07427e+03 6.77384e+00 4.70949e+00 6.66968e+00 4.60254e+00 9.17059e+01 1.00000e+03 1.35441e+02 2.25127e+03
3.29720e+02 1.84748e+03 1.25604e-01 1.07164e+03 6.73130e+00 4.70135e+00 6.63218e+00 4.60019e+00 9.67848e+01 1.00000e+03 1.41448e+02 2.22834e+03
3.07351e+02 1.81752e+03 1.80491e-01 1.06688e+03 6.66941e+00 4.65998e+00 6.57447e+00 4.56327e+00 1.00358e+02 1.00000e+03 1.46303e+02 2.20377e+03
2.85352e+02 1.79193e+03 1.38281e-01 1.05874e+03 6.57948e+00 4.61133e+00 6.48675e+00 4.51716e+00 1.01983e+02 1.00000e+03 1.47771e+02 2.17779e+03
2.63750e+02 1.76759e+03 1.29902e-01 1.05342e+03 6.52012e+00 4.60106e+00 6.42760e+00 4.50758e+00 1.02505e+02 1.00000e+03 1.46769e+02 2.14980e+03
2.42583e+02 1.73562e+03 6.94730e-02 1.04407e+03 6.45688e+00 4.60544e+00 6.36606e+00 4.51449e+00 1.05456e+02 1.00000e+03 1.48061e+02 2.11956e+03
2.21901e+02 1.68979e+03 6.41240e-02 1.03908e+03 6.41026e+00 4.60896e+00 6.32543e+00 4.52479e+00 1.14046e+02 1.00000e+03 1.57367e+02 2.08680e+03
2.01726e+02 1.62547e+03 1.33434e-01 1.03925e+03 6.38798e+00 4.61705e+00 6.31451e+00 4.54500e+00 1.33461e+02 1.00000e+03 1.81079e+02 2.05220e+03
1.82097e+02 1.54647e+03 1.25807e-01 1.03503e+03 6.32979e+00 4.61533e+00 6.27027e+00 4.55806e+00 1.67828e+02 1.00000e+03 2.21488e+02 2.01462e+03
1.63035e+02 1.45707e+03 1.10442e-01 1.03053e+03 6.30901e+00 4.62575e+00 6.26349e+00 4.58299e+00 2.25310e+02 1.00000e+03 2.88642e+02 1.97345e+03
1.44575e+02 1.36053e+03 1.36411e-01 1.02988e+03 6.28912e+00 4.64401e+00 6.25598e+00 4.61398e+00 3.22164e+02 1.00000e+03 3.95312e+02 1.92805e+03
1.26724e+02 1.26020e+03 1.47299e-01 1.02893e+03 6.27297e+00 4.66558e+00 6.24977e+00 4.64565e+00 4.87568e+02 1.00000e+03 5.63322e+02 1.87748e+03
1.09498e+02 1.15761e+03 1.64647e-01 1.02852e+03 6.25936e+00 4.68767e+00 6.24360e+00 4.67519e+00 7.81953e+02 1.00000e+03 8.27453e+02 1.82056e+03
9.29033e+01 1.05313e+03 1.42708e-01 1.02630e+03 6.24565e+00 4.71371e+00 6.23514e+00 4.70637e+00 1.33822e+03 1.00000e+03 1.23754e+03 1.75553e+03
7.69398e+01 9.47544e+02 7.66490e-02 1.02231e+03 6.23552e+00 4.74521e+00 6.22866e+00 4.74136e+00 2.56611e+03 1.00000e+03 1.89125e+03 1.68775e+03
6.16048e+01 8.42301e+02 0.00000e+00 1.01809e+03 6.22967e+00 4.77882e+00 6.22516e+00 4.77714e+00 5.92714e+03 1.00000e+03 2.87545e+03 1.62400e+03
4.68871e+01 7.36513e+02 0.00000e+00 1.01752e+03 6.22447e+00 4.80477e+00 6.22123e+00 4.80421e+00 1.78990e+04 1.00000e+03 4.00138e+03 1.56284e+03
3.27703e+01 6.28100e+02 0.00000e+00 1.01725e+03 6.22259e+00 4.83175e+00 6.21992e+00 4.83163e+00 8.47497e+04 1.00000e+03 4.86430e+03 1.50414e+03
1.92405e+01 5.12948e+02 3.55599e-01 1.02110e+03 6.10773e+00 4.74015e+00 6.10521e+00 4.74014e+00 1.00534e+06 1.00000e+03 5.05790e+03 1.45096e+03
6.27568e+00 3.78014e+02 9.68705e-01 1.02757e+03 5.89875e+00 4.54993e+00 5.89621e+00 4.54993e+00 1.66234e+08 1.00000e+03 4.83743e+03 1.40804e+03
