# depth (km), T (K), c, rho (kg/m^3), elastic_Vp (km/s), elastic_Vs (km/s), anelastic_Vp (km/s), anelastic_Vs (km/s), Q_S, Q_K, Q_P, T_solidus (K)
2.88372e+03 3.86517e+03 8.62221e-01 1.68542e+03 1.09968e+01 7.08770e+00 1.08624e+01 6.94316e+00 1.02126e+02 1.00000e+03 1.70368e+02 4.18305e+03
2.87076e+03 3.84871e+03 1.00000e+00 1.69205e+03 1.09615e+01 7.09455e+00 1.08279e+01 6.95139e+00 1.03211e+02 1.00000e+03 1.70851e+02 4.17566e+03
2.85723e+03 3.83140e+03 1.00000e+00 1.69032e+03 1.09480e+01 7.09097e+00 1.08158e+01 6.94950e+00 1.04390e+02 1.00000e+03 1.72447e+02 4.16804e+03
2.84311e+03 3.81314e+03 1.00000e+00 1.68853e+03 1.09340e+01 7.08733e+00 1.08033e+01 6.94764e+00 1.05666e+02 1.00000e+03 1.74173e+02 4.16006e+03
2.82840e+03 3.79396e+03 1.00000e+00 1.68660e+03 1.09190e+01 7.08333e+00 1.07898e+01 6.94551e+00 1.07039e+02 1.00000e+03 1.76027e+02 4.15169e+03
2.81306e+03 3.77387e+03 9.86192e-01 1.68389e+03 1.09064e+01 7.07863e+00 1.07789e+01 6.94277e+00 1.08514e+02 1.00000e+03 1.78118e+02 4.14294e+03
2.79710e+03 3.75270e+03 8.54691e-01 1.67420e+03 1.09126e+01 7.06593e+00 1.07872e+01 6.93229e+00 1.10114e+02 1.00000e+03 1.81238e+02 4.13379e+03
2.78050e+03 3.73052e+03 9.07888e-01 1.67512e+03 1.08864e+01 7.06497e+00 1.07627e+01 6.93341e+00 1.11840e+02 1.00000e+03 1.83168e+02 4.12423e+03
2.76328e+03 3.70756e+03 9.22953e-01 1.67384e+03 1.08668e+01 7.06169e+00 1.07448e+01 6.93231e+00 1.13674e+02 1.00000e+03 1.85522e+02 4.11432e+03
2.74543e+03 3.68382e+03 8.86269e-01 1.66949e+03 1.08552e+01 7.05499e+00 1.07352e+01 6.92791e+00 1.15627e+02 1.00000e+03 1.88412e+02 4.10407e+03
2.72696e+03 3.65941e+03 9.02491e-01 1.66806e+03 1.08338e+01 7.05121e+00 1.07157e+01 6.92643e+00 1.17694e+02 1.00000e+03 1.91051e+02 4.09349e+03
2.70790e+03 3.63420e+03 7.77166e-01 1.65842e+03 1.08352e+01 7.03855e+00 1.07194e+01 6.91628e+00 1.19892e+02 1.00000e+03 1.94921e+02 4.08253e+03
2.68827e+03 3.60845e+03 8.58058e-01 1.66059e+03 1.08019e+01 7.03848e+00 1.06879e+01 6.91852e+00 1.22191e+02 1.00000e+03 1.97361e+02 4.07118e+03
2.66810e+03 3.58232e+03 7.49078e-01 1.65170e+03 1.07987e+01 7.02636e+00 1.06869e+01 6.90889e+00 1.24578e+02 1.00000e+03 2.01338e+02 4.05947e+03
2.64742e+03 3.55587e+03 7.16569e-01 1.64714e+03 1.07822e+01 7.01871e+00 1.06726e+01 6.90367e+00 1.27069e+02 1.00000e+03 2.04862e+02 4.04755e+03
2.62625e+03 3.52939e+03 6.71897e-01 1.64190e+03 1.07676e+01 7.01040e+00 1.06601e+01 6.89774e+00 1.29604e+02 1.00000e+03 2.08523e+02 4.03528e+03
2.60465e+03 3.50298e+03 6.98485e-01 1.64064e+03 1.07408e+01 7.00594e+00 1.06352e+01 6.89554e+00 1.32165e+02 1.00000e+03 2.11645e+02 4.02267e+03
2.58265e+03 3.47672e+03 6.62371e-01 1.63573e+03 1.07235e+01 6.99755e+00 1.06198e+01 6.88939e+00 1.34744e+02 1.00000e+03 2.15249e+02 4.00974e+03
2.56028e+03 3.45048e+03 6.32401e-01 1.63109e+03 1.07045e+01 6.98924e+00 1.06027e+01 6.88329e+00 1.37380e+02 1.00000e+03 2.18860e+02 3.99661e+03
2.53759e+03 3.42458e+03 6.21684e-01 1.62754e+03 1.06823e+01 6.98192e+00 1.05822e+01 6.87807e+00 1.40018e+02 1.00000e+03 2.22302e+02 3.98332e+03
2.51461e+03 3.39918e+03 5.89665e-01 1.62270e+03 1.06628e+01 6.97310e+00 1.05644e+01 6.87127e+00 1.42609e+02 1.00000e+03 2.25820e+02 3.96976e+03
2.49137e+03 3.37442e+03 5.73927e-01 1.61869e+03 1.06399e+01 6.96471e+00 1.05432e+01 6.86475e+00 1.45122e+02 1.00000e+03 2.29074e+02 3.95595e+03
2.46791e+03 3.35068e+03 5.40169e-01 1.61372e+03 1.06203e+01 6.95546e+00 1.05250e+01 6.85723e+00 1.47472e+02 1.00000e+03 2.32228e+02 3.94193e+03
2.44425e+03 3.32837e+03 6.15874e-01 1.61479e+03 1.05831e+01 6.95095e+00 1.04890e+01 6.85418e+00 1.49597e+02 1.00000e+03 2.34210e+02 3.92788e+03
2.42041e+03 3.30733e+03 5.98613e-01 1.61053e+03 1.05594e+01 6.94121e+00 1.04664e+01 6.84578e+00 1.51474e+02 1.00000e+03 2.36549e+02 3.91363e+03
2.39643e+03 3.28726e+03 5.09541e-01 1.60224e+03 1.05463e+01 6.92800e+00 1.04545e+01 6.83379e+00 1.53151e+02 1.00000e+03 2.39145e+02 3.89917e+03
2.37233e+03 3.26802e+03 4.65327e-01 1.59644e+03 1.05262e+01 6.91679e+00 1.04353e+01 6.82365e+00 1.54653e+02 1.00000e+03 2.41144e+02 3.88451e+03
2.34811e+03 3.24961e+03 4.25211e-01 1.59078e+03 1.05046e+01 6.90536e+00 1.04146e+01 6.81317e+00 1.56005e+02 1.00000e+03 2.42889e+02 3.86989e+03
2.32381e+03 3.23210e+03 6.07855e-01 1.59747e+03 1.04501e+01 6.90266e+00 1.03605e+01 6.81119e+00 1.57151e+02 1.00000e+03 2.42715e+02 3.85510e+03
2.29941e+03 3.21523e+03 5.52149e-01 1.59096e+03 1.04312e+01 6.89035e+00 1.03421e+01 6.79960e+00 1.58136e+02 1.00000e+03 2.44070e+02 3.84013e+03
2.27496e+03 3.19883e+03 4.57335e-01 1.58221e+03 1.04170e+01 6.87635e+00 1.03286e+01 6.78628e+00 1.58998e+02 1.00000e+03 2.45513e+02 3.82500e+03
2.25044e+03 3.18270e+03 3.61002e-01 1.57338e+03 1.04027e+01 6.86251e+00 1.03150e+01 6.77308e+00 1.59814e+02 1.00000e+03 2.46883e+02 3.80989e+03
2.22587e+03 3.16642e+03 3.93347e-01 1.57166e+03 1.03698e+01 6.85318e+00 1.02825e+01 6.76434e+00 1.60653e+02 1.00000e+03 2.47371e+02 3.79465e+03
2.20127e+03 3.14971e+03 4.47313e-01 1.57105e+03 1.03333e+01 6.84410e+00 1.02465e+01 6.75588e+00 1.61575e+02 1.00000e+03 2.47823e+02 3.77925e+03
2.17662e+03 3.13238e+03 6.26985e-01 1.57740e+03 1.02802e+01 6.83868e+00 1.01937e+01 6.75110e+00 1.62632e+02 1.00000e+03 2.47645e+02 3.76369e+03
2.15195e+03 3.11341e+03 3.07651e-01 1.55640e+03 1.02960e+01 6.81985e+00 1.02107e+01 6.73330e+00 1.64113e+02 1.00000e+03 2.51284e+02 3.74814e+03
2.12725e+03 3.09241e+03 3.70361e-01 1.55632e+03 1.02584e+01 6.81166e+00 1.01740e+01 6.72626e+00 1.66116e+02 1.00000e+03 2.53095e+02 3.73248e+03
2.10253e+03 3.06939e+03 4.11225e-01 1.55515e+03 1.02245e+01 6.80347e+00 1.01413e+01 6.71946e+00 1.68663e+02 1.00000e+03 2.55765e+02 3.71667e+03
2.07779e+03 3.04408e+03 4.45676e-01 1.55367e+03 1.01918e+01 6.79551e+00 1.01099e+01 6.71316e+00 1.71863e+02 1.00000e+03 2.59316e+02 3.70069e+03
2.05304e+03 3.01607e+03 3.78731e-01 1.54664e+03 1.01720e+01 6.78577e+00 1.00919e+01 6.70544e+00 1.75926e+02 1.00000e+03 2.64587e+02 3.68471e+03
2.02827e+03 2.98528e+03 4.45417e-01 1.54692e+03 1.01346e+01 6.77926e+00 1.00565e+01 6.70124e+00 1.80946e+02 1.00000e+03 2.70231e+02 3.66863e+03
2.00349e+03 2.95176e+03 4.97684e-01 1.54654e+03 1.01001e+01 6.77327e+00 1.00243e+01 6.69784e+00 1.87008e+02 1.00000e+03 2.77253e+02 3.65238e+03
1.97871e+03 2.91483e+03 3.94584e-01 1.53785e+03 1.00857e+01 6.76562e+00 1.00125e+01 6.69317e+00 1.94482e+02 1.00000e+03 2.86941e+02 3.63597e+03
1.95391e+03 2.87373e+03 4.34847e-01 1.53689e+03 1.00526e+01 6.76090e+00 9.98234e+00 6.69184e+00 2.03896e+02 1.00000e+03 2.98081e+02 3.61954e+03
1.92911e+03 2.82756e+03 3.10274e-01 1.52721e+03 1.00404e+01 6.75522e+00 9.97371e+00 6.69007e+00 2.15942e+02 1.00000e+03 3.13342e+02 3.60300e+03
1.90431e+03 2.77621e+03 2.74815e-01 1.52244e+03 1.00173e+01 6.75214e+00 9.95443e+00 6.69133e+00 2.31242e+02 1.00000e+03 3.31794e+02 3.58630e+03
1.87950e+03 2.72118e+03 2.61958e-01 1.51906e+03 9.99212e+00 6.75057e+00 9.93330e+00 6.69431e+00 2.49926e+02 1.00000e+03 3.53807e+02 3.56942e+03
1.85468e+03 2.66532e+03 2.75034e-01 1.51707e+03 9.96380e+00 6.74950e+00 9.90896e+00 6.69771e+00 2.71405e+02 1.00000e+03 3.78432e+02 3.55250e+03
1.82986e+03 2.61172e+03 1.45834e-01 1.50742e+03 9.95158e+00 6.74614e+00 9.90041e+00 6.69841e+00 2.94378e+02 1.00000e+03 4.05071e+02 3.53547e+03
1.80504e+03 2.56284e+03 1.11328e-01 1.50270e+03 9.92739e+00 6.74272e+00 9.87933e+00 6.69845e+00 3.17149e+02 1.00000e+03 4.30228e+02 3.51826e+03
1.78022e+03 2.52030e+03 1.51009e-01 1.50171e+03 9.89372e+00 6.73832e+00 9.84814e+00 6.69680e+00 3.37929e+02 1.00000e+03 4.52137e+02 3.50086e+03
1.75539e+03 2.48462e+03 1.43906e-01 1.49810e+03 9.86494e+00 6.73184e+00 9.82125e+00 6.69239e+00 3.55386e+02 1.00000e+03 4.70322e+02 3.48341e+03
1.73057e+03 2.45584e+03 1.67181e-01 1.49600e+03 9.83282e+00 6.72414e+00 9.79046e+00 6.68613e+00 3.68478e+02 1.00000e+03 4.83409e+02 3.46583e+03
1.70574e+03 2.43370e+03 1.77527e-01 1.49303e+03 9.80136e+00 6.71452e+00 9.75979e+00 6.67738e+00 3.76524e+02 1.00000e+03 4.91122e+02 3.44806e+03
1.68091e+03 2.41763e+03 1.66605e-01 1.48872e+03 9.77103e+00 6.70299e+00 9.72980e+00 6.66620e+00 3.79448e+02 1.00000e+03 4.93541e+02 3.43009e+03
1.65608e+03 2.40694e+03 1.56387e-01 1.48431e+03 9.73996e+00 6.69004e+00 9.69865e+00 6.65315e+00 3.77676e+02 1.00000e+03 4.91032e+02 3.41204e+03
1.63125e+03 2.40066e+03 9.72520e-02 1.47723e+03 9.71358e+00 6.67618e+00 9.67184e+00 6.63881e+00 3.72024e+02 1.00000e+03 4.84688e+02 3.39386e+03
1.60641e+03 2.39773e+03 6.03510e-02 1.47121e+03 9.68421e+00 6.66147e+00 9.64176e+00 6.62330e+00 3.63504e+02 1.00000e+03 4.75132e+02 3.37546e+03
1.58158e+03 2.39693e+03 1.69465e-01 1.47277e+03 9.63971e+00 6.64497e+00 9.59635e+00 6.60580e+00 3.53301e+02 1.00000e+03 4.63022e+02 3.35684e+03
1.55675e+03 2.39685e+03 1.43390e-01 1.46729e+03 9.60925e+00 6.62939e+00 9.56488e+00 6.58911e+00 3.42768e+02 1.00000e+03 4.51097e+02 3.33812e+03
1.53192e+03 2.39640e+03 1.39593e-01 1.46287e+03 9.57562e+00 6.61321e+00 9.53024e+00 6.57182e+00 3.32745e+02 1.00000e+03 4.39504e+02 3.31926e+03
1.50708e+03 2.39487e+03 1.72363e-01 1.46034e+03 9.53821e+00 6.59646e+00 9.49188e+00 6.55401e+00 3.23669e+02 1.00000e+03 4.28715e+02 3.30017e+03
1.48225e+03 2.39199e+03 2.30904e-01 1.45915e+03 9.49828e+00 6.57915e+00 9.45107e+00 6.53574e+00 3.15661e+02 1.00000e+03 4.18958e+02 3.28083e+03
1.45742e+03 2.38772e+03 1.35186e-01 1.45013e+03 9.47415e+00 6.56590e+00 9.42613e+00 6.52160e+00 3.08717e+02 1.00000e+03 4.10851e+02 3.26136e+03
1.43258e+03 2.38234e+03 1.80538e-01 1.44837e+03 9.43615e+00 6.54945e+00 9.38740e+00 6.50437e+00 3.02573e+02 1.00000e+03 4.03134e+02 3.24173e+03
1.40775e+03 2.37612e+03 1.38147e-01 1.44203e+03 9.40574e+00 6.53512e+00 9.35630e+00 6.48929e+00 2.96950e+02 1.00000e+03 3.96209e+02 3.22184e+03
1.38292e+03 2.36935e+03 1.42319e-01 1.43807e+03 9.37072e+00 6.51949e+00 9.32061e+00 6.47293e+00 2.91635e+02 1.00000e+03 3.89467e+02 3.20168e+03
1.35808e+03 2.36218e+03 1.19745e-01 1.43273e+03 9.33801e+00 6.50474e+00 9.28724e+00 6.45747e+00 2.86563e+02 1.00000e+03 3.83033e+02 3.18137e+03
1.33325e+03 2.35471e+03 1.29157e-01 1.42902e+03 9.30215e+00 6.48882e+00 9.25072e+00 6.44084e+00 2.81653e+02 1.00000e+03 3.76688e+02 3.16087e+03
1.30842e+03 2.34695e+03 1.64636e-01 1.42672e+03 9.26459e+00 6.47210e+00 9.21250e+00 6.42341e+00 2.76840e+02 1.00000e+03 3.70407e+02 3.14008e+03
1.28359e+03 2.33898e+03 1.18439e-01 1.42024e+03 9.23402e+00 6.45857e+00 9.18122e+00 6.40913e+00 2.72067e+02 1.00000e+03 3.64271e+02 3.11899e+03
1.25875e+03 2.33101e+03 1.60616e-01 1.41815e+03 9.19482e+00 6.44076e+00 9.14133e+00 6.39057e+00 2.67260e+02 1.00000e+03 3.57952e+02 3.09771e+03
1.23392e+03 2.32307e+03 1.15074e-01 1.41158e+03 9.16285e+00 6.42674e+00 9.10858e+00 6.37574e+00 2.62400e+02 1.00000e+03 3.51640e+02 3.07622e+03
1.20909e+03 2.31523e+03 1.02884e-01 1.40668e+03 9.12778e+00 6.41109e+00 9.07270e+00 6.35922e+00 2.57397e+02 1.00000e+03 3.45103e+02 3.05441e+03
1.18426e+03 2.30759e+03 2.16849e-01 1.40816e+03 9.08231e+00 6.38860e+00 9.02640e+00 6.33584e+00 2.52195e+02 1.00000e+03 3.38274e+02 3.03225e+03
1.15943e+03 2.29999e+03 1.82872e-01 1.40218e+03 9.04957e+00 6.37407e+00 8.99271e+00 6.32031e+00 2.46942e+02 1.00000e+03 3.31433e+02 3.00985e+03
1.13461e+03 2.29250e+03 1.88525e-01 1.39769e+03 9.02744e+00 6.36612e+00 8.96951e+00 6.31124e+00 2.41612e+02 1.00000e+03 3.24541e+02 2.98723e+03
1.10978e+03 2.28496e+03 1.18799e-01 1.38997e+03 8.99032e+00 6.34973e+00 8.93134e+00 6.29375e+00 2.36237e+02 1.00000e+03 3.17425e+02 2.96422e+03
1.08496e+03 2.27745e+03 1.81202e-01 1.38857e+03 8.95310e+00 6.33174e+00 8.89301e+00 6.27460e+00 2.30781e+02 1.00000e+03 3.10295e+02 2.94083e+03
1.06014e+03 2.26988e+03 1.35060e-01 1.38206e+03 8.91620e+00 6.31531e+00 8.85493e+00 6.25694e+00 2.25331e+02 1.00000e+03 3.03061e+02 2.91715e+03
1.03532e+03 2.26226e+03 1.31366e-01 1.37722e+03 8.87639e+00 6.29677e+00 8.81390e+00 6.23713e+00 2.19898e+02 1.00000e+03 2.95832e+02 2.89320e+03
1.01050e+03 2.25457e+03 1.53963e-01 1.37372e+03 8.83731e+00 6.27801e+00 8.77353e+00 6.21703e+00 2.14432e+02 1.00000e+03 2.88591e+02 2.86881e+03
9.85693e+02 2.24676e+03 1.76799e-01 1.37024e+03 8.79821e+00 6.25907e+00 8.73307e+00 6.19669e+00 2.08957e+02 1.00000e+03 2.81330e+02 2.84397e+03
9.60888e+02 2.23862e+03 1.39807e-01 1.36379e+03 8.75772e+00 6.24088e+00 8.69117e+00 6.17704e+00 2.03603e+02 1.00000e+03 2.74089e+02 2.81878e+03
9.36088e+02 2.23020e+03 1.16901e-01 1.35802e+03 8.71719e+00 6.22245e+00 8.64920e+00 6.15712e+00 1.98368e+02 1.00000e+03 2.66991e+02 2.79327e+03
9.11289e+02 2.22156e+03 1.40938e-01 1.35451e+03 8.67709e+00 6.20286e+00 8.60758e+00 6.13598e+00 1.93144e+02 1.00000e+03 2.59986e+02 2.76724e+03
8.86506e+02 2.21262e+03 1.81388e-01 1.35189e+03 8.63804e+00 6.18316e+00 8.56696e+00 6.11465e+00 1.87967e+02 1.00000e+03 2.53078e+02 2.74070e+03
8.61728e+02 2.20325e+03 1.28876e-01 1.34482e+03 8.59773e+00 6.16602e+00 8.52497e+00 6.09581e+00 1.82916e+02 1.00000e+03 2.46102e+02 2.71370e+03
8.36962e+02 2.19386e+03 2.25921e-01 1.34400e+03 8.55363e+00 6.13652e+00 8.47931e+00 6.06466e+00 1.77849e+02 1.00000e+03 2.39673e+02 2.68634e+03
8.12206e+02 2.18295e+03 1.70375e-01 1.32519e+03 8.44781e+00 6.02320e+00 8.37331e+00 5.95080e+00 1.73266e+02 1.00000e+03 2.36176e+02 2.65836e+03
7.87467e+02 2.17039e+03 1.12910e-01 1.31506e+03 8.39348e+00 5.98671e+00 8.31776e+00 5.91300e+00 1.69170e+02 1.00000e+03 2.30875e+02 2.62976e+03
7.62750e+02 2.15789e+03 1.09161e-01 1.31043e+03 8.35362e+00 5.97027e+00 8.27623e+00 5.89488e+00 1.64931e+02 1.00000e+03 2.24809e+02 2.60057e+03
7.38050e+02 2.14570e+03 1.07285e-01 1.30399e+03 8.30471e+00 5.94062e+00 8.22569e+00 5.86354e+00 1.60491e+02 1.00000e+03 2.18874e+02 2.57087e+03
7.13377e+02 2.13416e+03 1.35887e-01 1.29936e+03 8.25651e+00 5.91029e+00 8.17562e+00 5.83124e+00 1.55713e+02 1.00000e+03 2.12562e+02 2.54049e+03
6.88732e+02 2.12318e+03 1.37225e-01 1.29449e+03 8.21515e+00 5.89068e+00 8.13192e+00 5.80925e+00 1.50664e+02 1.00000e+03 2.05565e+02 2.50949e+03
6.64125e+02 2.11295e+03 1.62387e-01 1.28358e+03 8.17130e+00 5.83838e+00 8.07840e+00 5.74657e+00 1.32436e+02 1.00000e+03 1.83183e+02 2.47834e+03
6.39563e+02 2.10206e+03 2.40988e-01 1.23398e+03 8.01752e+00 5.56361e+00 7.91127e+00 5.45523e+00 1.06918e+02 1.00000e+03 1.57157e+02 2.44863e+03
6.15044e+02 2.09017e+03 1.80028e-01 1.20603e+03 7.90085e+00 5.39253e+00 7.78649e+00 5.27372e+00 9.45286e+01 1.00000e+03 1.43893e+02 2.43484e+03
5.90587e+02 2.07211e+03 1.43833e-01 1.18991e+03 7.79859e+00 5.30830e+00 7.68824e+00 5.19355e+00 9.63413e+01 1.00000e+03 1.47180e+02 2.42254e+03
5.66195e+02 2.06321e+03 1.82631e-01 1.17965e+03 7.69295e+00 5.21807e+00 7.58417e+00 5.10463e+00 9.57993e+01 1.00000e+03 1.47276e+02 2.40956e+03
5.41886e+02 2.05454e+03 1.21190e-01 1.16698e+03 7.61217e+00 5.16813e+00 7.50352e+00 5.05486e+00 9.50205e+01 1.00000e+03 1.45913e+02 2.39571e+03
5.17671e+02 2.04641e+03 1.14647e-01 1.15443e+03 7.51785e+00 5.10696e+00 7.40925e+00 4.99371e+00 9.39172e+01 1.00000e+03 1.44174e+02 2.38092e+03
4.93566e+02 2.03425e+03 1.46236e-01 1.13725e+03 7.39373e+00 5.06907e+00 7.28488e+00 4.95628e+00 9.36017e+01 1.00000e+03 1.41467e+02 2.36524e+03
4.69588e+02 2.02020e+03 1.40240e-01 1.12993e+03 7.32396e+00 5.04109e+00 7.21541e+00 4.92892e+00 9.35991e+01 1.00000e+03 1.40507e+02 2.34889e+03
4.45753e+02 2.00248e+03 1.52474e-01 1.11466e+03 7.16767e+00 4.92070e+00 7.06149e+00 4.81076e+00 9.32167e+01 1.00000e+03 1.40590e+02 2.33140e+03
4.22094e+02 1.99316e+03 1.67782e-01 1.09426e+03 6.95722e+00 4.74142e+00 6.84537e+00 4.62441e+00 8.43889e+01 1.00000e+03 1.29549e+02 2.31265e+03
3.98628e+02 1.98056e+03 1.99939e-01 1.09114e+03 6.90936e+00 4.72974e+00 6.78603e+00 4.60053e+00 7.62348e+01 1.00000e+03 1.16674e+02 2.29262e+03
3.75394e+02 1.96548e+03 1.70968e-01 1.08371e+03 6.84139e+00 4.71101e+00 6.71248e+00 4.57630e+00 7.28364e+01 1.00000e+03 1.10522e+02 2.27265e+03
3.52408e+02 1.94838e+03 1.25713e-01 1.07525e+03 6.76922e+00 4.69094e+00 6.63963e+00 4.55618e+00 7.24944e+01 1.00000e+03 1.08790e+02 2.25127e+03
3.29720e+02 1.92825e+03 1.22947e-01 1.06820e+03 6.70443e+00 4.66651e+00 6.57519e+00 4.53258e+00 7.25653e+01 1.00000e+03 1.08042e+02 2.22834e+03
3.07351e+02 1.90521e+03 1.32699e-01 1.06127e+03 6.61372e+00 4.59909e+00 6.48720e+00 4.46790e+00 7.30140e+01 1.00000e+03 1.08864e+02 2.20377e+03
2.85352e+02 1.87840e+03 1.53717e-01 1.05712e+03 6.55612e+00 4.58129e+00 6.43145e+00 4.45259e+00 7.41375e+01 1.00000e+03 1.09521e+02 2.17779e+03
2.63750e+02 1.84805e+03 1.29829e-01 1.05113e+03 6.49337e+00 4.57184e+00 6.37086e+00 4.44623e+00 7.58008e+01 1.00000e+03 1.10390e+02 2.14980e+03
2.42583e+02 1.81297e+03 1.37849e-01 1.04703e+03 6.44276e+00 4.56674e+00 6.32362e+00 4.44537e+00 7.83594e+01 1.00000e+03 1.12624e+02 2.11956e+03
2.21901e+02 1.77061e+03 9.04750e-02 1.03812e+03 6.39018e+00 4.57880e+00 6.27583e+00 4.46350e+00 8.27084e+01 1.00000e+03 1.16383e+02 2.08680e+03
2.01726e+02 1.71881e+03 1.35973e-01 1.03668e+03 6.35939e+00 4.58290e+00 6.25374e+00 4.47719e+00 9.02892e+01 1.00000e+03 1.25364e+02 2.05220e+03
1.82097e+02 1.65625e+03 1.11573e-01 1.03114e+03 6.29019e+00 4.57503e+00 6.19626e+00 4.48216e+00 1.02588e+02 1.00000e+03 1.39467e+02 2.01462e+03
1.63035e+02 1.58196e+03 1.24054e-01 1.02754e+03 6.26488e+00 4.57779e+00 6.18529e+00 4.49995e+00 1.22486e+02 1.00000e+03 1.63927e+02 1.97345e+03
1.44575e+02 1.49587e+03 1.26662e-01 1.02519e+03 6.24085e+00 4.59272e+00 6.17673e+00 4.53106e+00 1.55124e+02 1.00000e+03 2.02723e+02 1.92805e+03
1.26724e+02 1.39910e+03 1.35373e-01 1.02402e+03 6.22336e+00 4.61352e+00 6.17464e+00 4.56774e+00 2.09849e+02 1.00000e+03 2.66025e+02 1.87748e+03
1.09498e+02 1.29307e+03 7.44020e-02 1.01997e+03 6.20838e+00 4.64375e+00 6.17354e+00 4.61211e+00 3.05725e+02 1.00000e+03 3.71191e+02 1.82056e+03
9.29033e+01 1.17985e+03 8.57750e-02 1.01964e+03 6.19942e+00 4.67102e+00 6.17602e+00 4.65085e+00 4.82306e+02 1.00000e+03 5.51731e+02 1.75553e+03
7.69398e+01 1.06087e+03 6.15320e-02 1.01769e+03 6.19134e+00 4.70168e+00 6.17693e+00 4.69039e+00 8.67470e+02 1.00000e+03 8.94876e+02 1.68775e+03
6.16048e+01 9.38748e+02 4.00000e-03 1.01526e+03 6.19470e+00 4.74222e+00 6.18662e+00 4.73706e+00 1.91638e+03 1.00000e+03 1.59653e+03 1.62400e+03
4.68871e+01 8.13404e+02 0.00000e+00 1.01519e+03 6.19744e+00 4.77676e+00 6.19296e+00 4.77501e+00 5.70534e+03 1.00000e+03 2.88405e+03 1.56284e+03
3.27703e+01 6.83514e+02 0.00000e+00 1.01561e+03 6.20362e+00 4.81214e+00 6.20069e+00 4.81178e+00 2.80241e+04 1.00000e+03 4.41792e+03 1.50414e+03
1.92405e+01 5.47237e+02 1.81681e-01 1.01683e+03 6.14567e+00 4.78093e+00 6.14317e+00 4.78090e+00 3.66062e+05 1.00000e+03 5.12045e+03 1.45096e+03
6.27568e+00 3.90211e+02 8.77367e-01 1.02279e+03 5.90602e+00 4.56058e+00 5.90350e+00 4.56058e+00 8.56055e+07 1.00000e+03 4.87880e+03 1.40804e+03
